[2016-11-03 14:00:59] production.ERROR: exception 'ReflectionException' with message 'Class App\Controllers\Authorize does not exist' in /var/www/html/trust/system/Container/Container.php:507
Stack trace:
#0 /var/www/html/trust/system/Container/Container.php(507): ReflectionClass->__construct('App\\Controllers...')
#1 /var/www/html/trust/system/Container/Container.php(431): Container\Container->build('App\\Controllers...', Array)
#2 /var/www/html/trust/system/Foundation/Application.php(443): Container\Container->make('App\\Controllers...', Array)
#3 /var/www/html/trust/system/Routing/ControllerDispatcher.php(76): Foundation\Application->make('App\\Controllers...')
#4 /var/www/html/trust/system/Routing/ControllerDispatcher.php(52): Routing\ControllerDispatcher->makeController('App\\Controllers...')
#5 /var/www/html/trust/system/Routing/Router.php(958): Routing\ControllerDispatcher->dispatch(Object(Routing\Route), Object(Http\Request), 'App\\Controllers...', 'login')
#6 [internal function]: Routing\Router->Routing\{closure}()
#7 /var/www/html/trust/system/Routing/Route.php(128): call_user_func_array(Object(Closure), Array)
#8 /var/www/html/trust/system/Routing/Router.php(1026): Routing\Route->run()
#9 /var/www/html/trust/system/Routing/Router.php(994): Routing\Router->dispatchToRoute(Object(Http\Request))
#10 /var/www/html/trust/system/Foundation/Application.php(744): Routing\Router->dispatch(Object(Http\Request))
#11 /var/www/html/trust/system/Foundation/Application.php(717): Foundation\Application->dispatch(Object(Http\Request))
#12 /var/www/html/trust/shared/Http/ContentGuard.php(62): Foundation\Application->handle(Object(Http\Request), 1, true)
#13 /var/www/html/trust/system/Session/Middleware.php(77): Shared\Http\ContentGuard->handle(Object(Http\Request), 1, true)
#14 /var/www/html/trust/system/Cookie/Queue.php(49): Session\Middleware->handle(Object(Http\Request), 1, true)
#15 /var/www/html/trust/system/Cookie/Guard.php(54): Cookie\Queue->handle(Object(Http\Request), 1, true)
#16 /var/www/html/trust/vendor/stack/builder/src/Stack/StackedHttpKernel.php(23): Cookie\Guard->handle(Object(Http\Request), 1, true)
#17 /var/www/html/trust/system/Foundation/Application.php(615): Stack\StackedHttpKernel->handle(Object(Http\Request))
#18 /var/www/html/trust/app/Boot/Start.php(244): Foundation\Application->run()
#19 /var/www/html/trust/public/index.php(37): require('/var/www/html/t...')
#20 {main} [] []
[2016-11-03 14:01:10] production.ERROR: exception 'InvalidArgumentException' with message 'Unable to load the view 'Admin/Authorize/Login' on domain 'App'.' in /var/www/html/trust/system/View/Factory.php:280
Stack trace:
#0 /var/www/html/trust/system/View/Factory.php(76): View\Factory->find('Admin/Authorize...', NULL)
#1 [internal function]: View\Factory->make('Admin/Authorize...', Array)
#2 /var/www/html/trust/system/Support/Facades/Facade.php(111): call_user_func_array(Array, Array)
#3 /var/www/html/trust/app/Core/Controller.php(99): Support\Facades\Facade::__callStatic('make', Array)
#4 /var/www/html/trust/app/Core/Controller.php(99): Support\Facades\View::make('Admin/Authorize...', Array)
#5 /var/www/html/trust/app/Controllers/Admin/Authorize.php(37): App\Core\Controller->getView()
#6 [internal function]: App\Controllers\Admin\Authorize->login()
#7 /var/www/html/trust/system/Routing/Controller.php(240): call_user_func_array(Array, Array)
#8 /var/www/html/trust/system/Routing/ControllerDispatcher.php(91): Routing\Controller->callAction('login', Array)
#9 /var/www/html/trust/system/Routing/ControllerDispatcher.php(60): Routing\ControllerDispatcher->call(Object(App\Controllers\Admin\Authorize), Object(Routing\Route), 'login')
#10 /var/www/html/trust/system/Routing/Router.php(958): Routing\ControllerDispatcher->dispatch(Object(Routing\Route), Object(Http\Request), 'App\\Controllers...', 'login')
#11 [internal function]: Routing\Router->Routing\{closure}()
#12 /var/www/html/trust/system/Routing/Route.php(128): call_user_func_array(Object(Closure), Array)
#13 /var/www/html/trust/system/Routing/Router.php(1026): Routing\Route->run()
#14 /var/www/html/trust/system/Routing/Router.php(994): Routing\Router->dispatchToRoute(Object(Http\Request))
#15 /var/www/html/trust/system/Foundation/Application.php(744): Routing\Router->dispatch(Object(Http\Request))
#16 /var/www/html/trust/system/Foundation/Application.php(717): Foundation\Application->dispatch(Object(Http\Request))
#17 /var/www/html/trust/shared/Http/ContentGuard.php(62): Foundation\Application->handle(Object(Http\Request), 1, true)
#18 /var/www/html/trust/system/Session/Middleware.php(77): Shared\Http\ContentGuard->handle(Object(Http\Request), 1, true)
#19 /var/www/html/trust/system/Cookie/Queue.php(49): Session\Middleware->handle(Object(Http\Request), 1, true)
#20 /var/www/html/trust/system/Cookie/Guard.php(54): Cookie\Queue->handle(Object(Http\Request), 1, true)
#21 /var/www/html/trust/vendor/stack/builder/src/Stack/StackedHttpKernel.php(23): Cookie\Guard->handle(Object(Http\Request), 1, true)
#22 /var/www/html/trust/system/Foundation/Application.php(615): Stack\StackedHttpKernel->handle(Object(Http\Request))
#23 /var/www/html/trust/app/Boot/Start.php(244): Foundation\Application->run()
#24 /var/www/html/trust/public/index.php(37): require('/var/www/html/t...')
#25 {main} [] []
[2016-11-03 14:02:14] production.ERROR: exception 'ReflectionException' with message 'Class App\Controllers\Admin\Dashboard does not exist' in /var/www/html/trust/system/Container/Container.php:507
Stack trace:
#0 /var/www/html/trust/system/Container/Container.php(507): ReflectionClass->__construct('App\\Controllers...')
#1 /var/www/html/trust/system/Container/Container.php(431): Container\Container->build('App\\Controllers...', Array)
#2 /var/www/html/trust/system/Foundation/Application.php(443): Container\Container->make('App\\Controllers...', Array)
#3 /var/www/html/trust/system/Routing/ControllerDispatcher.php(76): Foundation\Application->make('App\\Controllers...')
#4 /var/www/html/trust/system/Routing/ControllerDispatcher.php(52): Routing\ControllerDispatcher->makeController('App\\Controllers...')
#5 /var/www/html/trust/system/Routing/Router.php(958): Routing\ControllerDispatcher->dispatch(Object(Routing\Route), Object(Http\Request), 'App\\Controllers...', 'index')
#6 [internal function]: Routing\Router->Routing\{closure}()
#7 /var/www/html/trust/system/Routing/Route.php(128): call_user_func_array(Object(Closure), Array)
#8 /var/www/html/trust/system/Routing/Router.php(1026): Routing\Route->run()
#9 /var/www/html/trust/system/Routing/Router.php(994): Routing\Router->dispatchToRoute(Object(Http\Request))
#10 /var/www/html/trust/system/Foundation/Application.php(744): Routing\Router->dispatch(Object(Http\Request))
#11 /var/www/html/trust/system/Foundation/Application.php(717): Foundation\Application->dispatch(Object(Http\Request))
#12 /var/www/html/trust/shared/Http/ContentGuard.php(62): Foundation\Application->handle(Object(Http\Request), 1, true)
#13 /var/www/html/trust/system/Session/Middleware.php(77): Shared\Http\ContentGuard->handle(Object(Http\Request), 1, true)
#14 /var/www/html/trust/system/Cookie/Queue.php(49): Session\Middleware->handle(Object(Http\Request), 1, true)
#15 /var/www/html/trust/system/Cookie/Guard.php(54): Cookie\Queue->handle(Object(Http\Request), 1, true)
#16 /var/www/html/trust/vendor/stack/builder/src/Stack/StackedHttpKernel.php(23): Cookie\Guard->handle(Object(Http\Request), 1, true)
#17 /var/www/html/trust/system/Foundation/Application.php(615): Stack\StackedHttpKernel->handle(Object(Http\Request))
#18 /var/www/html/trust/app/Boot/Start.php(244): Foundation\Application->run()
#19 /var/www/html/trust/public/index.php(37): require('/var/www/html/t...')
#20 {main} [] []
[2016-11-03 14:04:33] production.ERROR: exception 'InvalidArgumentException' with message 'Unable to load the view 'Admin/Dashboard/Index' on domain 'App'.' in /var/www/html/trust/system/View/Factory.php:280
Stack trace:
#0 /var/www/html/trust/system/View/Factory.php(76): View\Factory->find('Admin/Dashboard...', NULL)
#1 [internal function]: View\Factory->make('Admin/Dashboard...', Array)
#2 /var/www/html/trust/system/Support/Facades/Facade.php(111): call_user_func_array(Array, Array)
#3 /var/www/html/trust/app/Core/Controller.php(99): Support\Facades\Facade::__callStatic('make', Array)
#4 /var/www/html/trust/app/Core/Controller.php(99): Support\Facades\View::make('Admin/Dashboard...', Array)
#5 /var/www/html/trust/app/Controllers/Admin/Dashboard.php(21): App\Core\Controller->getView()
#6 [internal function]: App\Controllers\Admin\Dashboard->index()
#7 /var/www/html/trust/system/Routing/Controller.php(240): call_user_func_array(Array, Array)
#8 /var/www/html/trust/system/Routing/ControllerDispatcher.php(91): Routing\Controller->callAction('index', Array)
#9 /var/www/html/trust/system/Routing/ControllerDispatcher.php(60): Routing\ControllerDispatcher->call(Object(App\Controllers\Admin\Dashboard), Object(Routing\Route), 'index')
#10 /var/www/html/trust/system/Routing/Router.php(958): Routing\ControllerDispatcher->dispatch(Object(Routing\Route), Object(Http\Request), 'App\\Controllers...', 'index')
#11 [internal function]: Routing\Router->Routing\{closure}()
#12 /var/www/html/trust/system/Routing/Route.php(128): call_user_func_array(Object(Closure), Array)
#13 /var/www/html/trust/system/Routing/Router.php(1026): Routing\Route->run()
#14 /var/www/html/trust/system/Routing/Router.php(994): Routing\Router->dispatchToRoute(Object(Http\Request))
#15 /var/www/html/trust/system/Foundation/Application.php(744): Routing\Router->dispatch(Object(Http\Request))
#16 /var/www/html/trust/system/Foundation/Application.php(717): Foundation\Application->dispatch(Object(Http\Request))
#17 /var/www/html/trust/shared/Http/ContentGuard.php(62): Foundation\Application->handle(Object(Http\Request), 1, true)
#18 /var/www/html/trust/system/Session/Middleware.php(77): Shared\Http\ContentGuard->handle(Object(Http\Request), 1, true)
#19 /var/www/html/trust/system/Cookie/Queue.php(49): Session\Middleware->handle(Object(Http\Request), 1, true)
#20 /var/www/html/trust/system/Cookie/Guard.php(54): Cookie\Queue->handle(Object(Http\Request), 1, true)
#21 /var/www/html/trust/vendor/stack/builder/src/Stack/StackedHttpKernel.php(23): Cookie\Guard->handle(Object(Http\Request), 1, true)
#22 /var/www/html/trust/system/Foundation/Application.php(615): Stack\StackedHttpKernel->handle(Object(Http\Request))
#23 /var/www/html/trust/app/Boot/Start.php(244): Foundation\Application->run()
#24 /var/www/html/trust/public/index.php(37): require('/var/www/html/t...')
#25 {main} [] []
[2016-11-03 14:05:19] production.ERROR: exception 'ReflectionException' with message 'Class App\Controllers\Admin\Settings does not exist' in /var/www/html/trust/system/Container/Container.php:507
Stack trace:
#0 /var/www/html/trust/system/Container/Container.php(507): ReflectionClass->__construct('App\\Controllers...')
#1 /var/www/html/trust/system/Container/Container.php(431): Container\Container->build('App\\Controllers...', Array)
#2 /var/www/html/trust/system/Foundation/Application.php(443): Container\Container->make('App\\Controllers...', Array)
#3 /var/www/html/trust/system/Routing/ControllerDispatcher.php(76): Foundation\Application->make('App\\Controllers...')
#4 /var/www/html/trust/system/Routing/ControllerDispatcher.php(52): Routing\ControllerDispatcher->makeController('App\\Controllers...')
#5 /var/www/html/trust/system/Routing/Router.php(958): Routing\ControllerDispatcher->dispatch(Object(Routing\Route), Object(Http\Request), 'App\\Controllers...', 'index')
#6 [internal function]: Routing\Router->Routing\{closure}()
#7 /var/www/html/trust/system/Routing/Route.php(128): call_user_func_array(Object(Closure), Array)
#8 /var/www/html/trust/system/Routing/Router.php(1026): Routing\Route->run()
#9 /var/www/html/trust/system/Routing/Router.php(994): Routing\Router->dispatchToRoute(Object(Http\Request))
#10 /var/www/html/trust/system/Foundation/Application.php(744): Routing\Router->dispatch(Object(Http\Request))
#11 /var/www/html/trust/system/Foundation/Application.php(717): Foundation\Application->dispatch(Object(Http\Request))
#12 /var/www/html/trust/shared/Http/ContentGuard.php(62): Foundation\Application->handle(Object(Http\Request), 1, true)
#13 /var/www/html/trust/system/Session/Middleware.php(77): Shared\Http\ContentGuard->handle(Object(Http\Request), 1, true)
#14 /var/www/html/trust/system/Cookie/Queue.php(49): Session\Middleware->handle(Object(Http\Request), 1, true)
#15 /var/www/html/trust/system/Cookie/Guard.php(54): Cookie\Queue->handle(Object(Http\Request), 1, true)
#16 /var/www/html/trust/vendor/stack/builder/src/Stack/StackedHttpKernel.php(23): Cookie\Guard->handle(Object(Http\Request), 1, true)
#17 /var/www/html/trust/system/Foundation/Application.php(615): Stack\StackedHttpKernel->handle(Object(Http\Request))
#18 /var/www/html/trust/app/Boot/Start.php(244): Foundation\Application->run()
#19 /var/www/html/trust/public/index.php(37): require('/var/www/html/t...')
#20 {main} [] []
[2016-11-03 14:20:34] production.ERROR: exception 'ReflectionException' with message 'Class App\Controllers\Language does not exist' in /var/www/html/trust/system/Container/Container.php:507
Stack trace:
#0 /var/www/html/trust/system/Container/Container.php(507): ReflectionClass->__construct('App\\Controllers...')
#1 /var/www/html/trust/system/Container/Container.php(431): Container\Container->build('App\\Controllers...', Array)
#2 /var/www/html/trust/system/Foundation/Application.php(443): Container\Container->make('App\\Controllers...', Array)
#3 /var/www/html/trust/system/Routing/ControllerDispatcher.php(76): Foundation\Application->make('App\\Controllers...')
#4 /var/www/html/trust/system/Routing/ControllerDispatcher.php(52): Routing\ControllerDispatcher->makeController('App\\Controllers...')
#5 /var/www/html/trust/system/Routing/Router.php(958): Routing\ControllerDispatcher->dispatch(Object(Routing\Route), Object(Http\Request), 'App\\Controllers...', 'change')
#6 [internal function]: Routing\Router->Routing\{closure}('es')
#7 /var/www/html/trust/system/Routing/Route.php(128): call_user_func_array(Object(Closure), Array)
#8 /var/www/html/trust/system/Routing/Router.php(1026): Routing\Route->run()
#9 /var/www/html/trust/system/Routing/Router.php(994): Routing\Router->dispatchToRoute(Object(Http\Request))
#10 /var/www/html/trust/system/Foundation/Application.php(744): Routing\Router->dispatch(Object(Http\Request))
#11 /var/www/html/trust/system/Foundation/Application.php(717): Foundation\Application->dispatch(Object(Http\Request))
#12 /var/www/html/trust/shared/Http/ContentGuard.php(62): Foundation\Application->handle(Object(Http\Request), 1, true)
#13 /var/www/html/trust/system/Session/Middleware.php(77): Shared\Http\ContentGuard->handle(Object(Http\Request), 1, true)
#14 /var/www/html/trust/system/Cookie/Queue.php(49): Session\Middleware->handle(Object(Http\Request), 1, true)
#15 /var/www/html/trust/system/Cookie/Guard.php(54): Cookie\Queue->handle(Object(Http\Request), 1, true)
#16 /var/www/html/trust/vendor/stack/builder/src/Stack/StackedHttpKernel.php(23): Cookie\Guard->handle(Object(Http\Request), 1, true)
#17 /var/www/html/trust/system/Foundation/Application.php(615): Stack\StackedHttpKernel->handle(Object(Http\Request))
#18 /var/www/html/trust/app/Boot/Start.php(244): Foundation\Application->run()
#19 /var/www/html/trust/public/index.php(37): require('/var/www/html/t...')
#20 {main} [] []
[2016-11-03 14:29:13] production.ERROR: exception 'ReflectionException' with message 'Class App\Controllers\Admin\Profile does not exist' in /var/www/html/trust/system/Container/Container.php:507
Stack trace:
#0 /var/www/html/trust/system/Container/Container.php(507): ReflectionClass->__construct('App\\Controllers...')
#1 /var/www/html/trust/system/Container/Container.php(431): Container\Container->build('App\\Controllers...', Array)
#2 /var/www/html/trust/system/Foundation/Application.php(443): Container\Container->make('App\\Controllers...', Array)
#3 /var/www/html/trust/system/Routing/ControllerDispatcher.php(76): Foundation\Application->make('App\\Controllers...')
#4 /var/www/html/trust/system/Routing/ControllerDispatcher.php(52): Routing\ControllerDispatcher->makeController('App\\Controllers...')
#5 /var/www/html/trust/system/Routing/Router.php(958): Routing\ControllerDispatcher->dispatch(Object(Routing\Route), Object(Http\Request), 'App\\Controllers...', 'index')
#6 [internal function]: Routing\Router->Routing\{closure}()
#7 /var/www/html/trust/system/Routing/Route.php(128): call_user_func_array(Object(Closure), Array)
#8 /var/www/html/trust/system/Routing/Router.php(1026): Routing\Route->run()
#9 /var/www/html/trust/system/Routing/Router.php(994): Routing\Router->dispatchToRoute(Object(Http\Request))
#10 /var/www/html/trust/system/Foundation/Application.php(744): Routing\Router->dispatch(Object(Http\Request))
#11 /var/www/html/trust/system/Foundation/Application.php(717): Foundation\Application->dispatch(Object(Http\Request))
#12 /var/www/html/trust/shared/Http/ContentGuard.php(62): Foundation\Application->handle(Object(Http\Request), 1, true)
#13 /var/www/html/trust/system/Session/Middleware.php(77): Shared\Http\ContentGuard->handle(Object(Http\Request), 1, true)
#14 /var/www/html/trust/system/Cookie/Queue.php(49): Session\Middleware->handle(Object(Http\Request), 1, true)
#15 /var/www/html/trust/system/Cookie/Guard.php(54): Cookie\Queue->handle(Object(Http\Request), 1, true)
#16 /var/www/html/trust/vendor/stack/builder/src/Stack/StackedHttpKernel.php(23): Cookie\Guard->handle(Object(Http\Request), 1, true)
#17 /var/www/html/trust/system/Foundation/Application.php(615): Stack\StackedHttpKernel->handle(Object(Http\Request))
#18 /var/www/html/trust/app/Boot/Start.php(244): Foundation\Application->run()
#19 /var/www/html/trust/public/index.php(37): require('/var/www/html/t...')
#20 {main} [] []
[2016-11-03 14:38:38] production.ERROR: exception 'ReflectionException' with message 'Class App\Controllers\Admin\Profile does not exist' in /var/www/html/trust/system/Container/Container.php:507
Stack trace:
#0 /var/www/html/trust/system/Container/Container.php(507): ReflectionClass->__construct('App\\Controllers...')
#1 /var/www/html/trust/system/Container/Container.php(431): Container\Container->build('App\\Controllers...', Array)
#2 /var/www/html/trust/system/Foundation/Application.php(443): Container\Container->make('App\\Controllers...', Array)
#3 /var/www/html/trust/system/Routing/ControllerDispatcher.php(76): Foundation\Application->make('App\\Controllers...')
#4 /var/www/html/trust/system/Routing/ControllerDispatcher.php(52): Routing\ControllerDispatcher->makeController('App\\Controllers...')
#5 /var/www/html/trust/system/Routing/Router.php(958): Routing\ControllerDispatcher->dispatch(Object(Routing\Route), Object(Http\Request), 'App\\Controllers...', 'index')
#6 [internal function]: Routing\Router->Routing\{closure}()
#7 /var/www/html/trust/system/Routing/Route.php(128): call_user_func_array(Object(Closure), Array)
#8 /var/www/html/trust/system/Routing/Router.php(1026): Routing\Route->run()
#9 /var/www/html/trust/system/Routing/Router.php(994): Routing\Router->dispatchToRoute(Object(Http\Request))
#10 /var/www/html/trust/system/Foundation/Application.php(744): Routing\Router->dispatch(Object(Http\Request))
#11 /var/www/html/trust/system/Foundation/Application.php(717): Foundation\Application->dispatch(Object(Http\Request))
#12 /var/www/html/trust/shared/Http/ContentGuard.php(62): Foundation\Application->handle(Object(Http\Request), 1, true)
#13 /var/www/html/trust/system/Session/Middleware.php(77): Shared\Http\ContentGuard->handle(Object(Http\Request), 1, true)
#14 /var/www/html/trust/system/Cookie/Queue.php(49): Session\Middleware->handle(Object(Http\Request), 1, true)
#15 /var/www/html/trust/system/Cookie/Guard.php(54): Cookie\Queue->handle(Object(Http\Request), 1, true)
#16 /var/www/html/trust/vendor/stack/builder/src/Stack/StackedHttpKernel.php(23): Cookie\Guard->handle(Object(Http\Request), 1, true)
#17 /var/www/html/trust/system/Foundation/Application.php(615): Stack\StackedHttpKernel->handle(Object(Http\Request))
#18 /var/www/html/trust/app/Boot/Start.php(244): Foundation\Application->run()
#19 /var/www/html/trust/public/index.php(37): require('/var/www/html/t...')
#20 {main} [] []
